{"logTime": "0322/083117", "correlationVector":"D2NKbH6tFaT/oHNI8OYJtx.0","action":"FeedSettingFetch_homeCloud", "result":"0", "context":{}}
{"logTime": "0322/083117", "correlationVector":"iH3rtsV5+aEhwf06U7ErgH.1","action":"SyncServerConnectionManagerRequest", "result":"SYNC_SERVER_OK", "context":{"environment":"Prod_WestEurope_000l", "migrationStage":"NotStarted", "server":"GENERAL01000019"}}
{"logTime": "0322/083117", "correlationVector":"iH3rtsV5+aEhwf06U7ErgH","action":"Initial GetUpdates", "result":"", "context":Reason: NEW_CLIENT. cV=iH3rtsV5+aEhwf06U7ErgH}
{"logTime": "0322/083117", "correlationVector":"iH3rtsV5+aEhwf06U7ErgH.2","action":"GetUpdates Response", "result":"SYNCER_OK", "context":Received 1 update(s). cV=iH3rtsV5+aEhwf06U7ErgH.0;server=GENERAL01000019;cloudType=Consumer;environment=Prod_WestEurope_000l;migrationStage=NotStarted}
{"logTime": "0322/083119", "correlationVector":"L/XO/e4B/3eJYJEx3rjOPd","action":"Initial GetUpdates", "result":"", "context":Reason: NEW_CLIENT. cV=L/XO/e4B/3eJYJEx3rjOPd}
{"logTime": "0322/083120", "correlationVector":"L/XO/e4B/3eJYJEx3rjOPd.1","action":"SyncServerConnectionManagerRequest", "result":"SYNC_SERVER_OK", "context":{"environment":"Prod_WestEurope_000l", "migrationStage":"NotStarted", "server":"GENERAL0100001B"}}
{"logTime": "0322/083120", "correlationVector":"L/XO/e4B/3eJYJEx3rjOPd.2","action":"GetUpdates Response", "result":"SYNCER_OK", "context":Received 5 update(s). cV=L/XO/e4B/3eJYJEx3rjOPd.0;server=GENERAL0100001B;cloudType=Consumer;environment=Prod_WestEurope_000l;migrationStage=NotStarted}
{"logTime": "0322/083120", "correlationVector":"lspFMX+05e0p+8iKahafeu","action":"Normal GetUpdate request", "result":"", "context":cV=lspFMX+05e0p+8iKahafeu
Nudged types: Device Info, User Consents
Refresh requested types: Device Info, User Consents, Send Tab To Self, Encryption Keys}
{"logTime": "0322/083121", "correlationVector":"lspFMX+05e0p+8iKahafeu.1","action":"SyncServerConnectionManagerRequest", "result":"SYNC_SERVER_OK", "context":{"environment":"Prod_WestEurope_000l", "migrationStage":"NotStarted", "server":"GENERAL01000022"}}
{"logTime": "0322/083121", "correlationVector":"lspFMX+05e0p+8iKahafeu.2","action":"GetUpdates Response", "result":"SYNCER_OK", "context":Received 0 update(s). cV=lspFMX+05e0p+8iKahafeu.0;server=GENERAL01000022;cloudType=Consumer;environment=Prod_WestEurope_000l;migrationStage=NotStarted}
{"logTime": "0322/083121", "correlationVector":"EGqHnhmxU9Niym0uA/RyX4","action":"Commit Request", "result":"", "context":Item count: 1
Contributing types: Device Info}
{"logTime": "0322/083122", "correlationVector":"EGqHnhmxU9Niym0uA/RyX4.1","action":"SyncServerConnectionManagerRequest", "result":"SYNC_SERVER_OK", "context":{"environment":"Prod_WestEurope_000l", "migrationStage":"NotStarted", "server":"GENERAL01000005"}}
{"logTime": "0322/083122", "correlationVector":"EGqHnhmxU9Niym0uA/RyX4.2","action":"Commit Response", "result":"SYNCER_OK", "context":Result: SYNCER_OK. cV=EGqHnhmxU9Niym0uA/RyX4.0;server=GENERAL01000005;cloudType=Consumer;environment=Prod_WestEurope_000l;migrationStage=NotStarted}
{"logTime": "0322/083122", "correlationVector":"ARV2k4S+6kT7ruS/Fyg/w8","action":"Commit Request", "result":"", "context":Item count: 2
Contributing types: User Consents}
{"logTime": "0322/083122", "correlationVector":"ARV2k4S+6kT7ruS/Fyg/w8.1","action":"SyncServerConnectionManagerRequest", "result":"SYNC_SERVER_OK", "context":{"environment":"Prod_WestEurope_000l", "migrationStage":"NotStarted", "server":"GENERAL0100000Q"}}
{"logTime": "0322/083122", "correlationVector":"ARV2k4S+6kT7ruS/Fyg/w8.2","action":"Commit Response", "result":"SYNCER_OK", "context":Result: SYNCER_OK. cV=ARV2k4S+6kT7ruS/Fyg/w8.0;server=GENERAL0100000Q;cloudType=Consumer;environment=Prod_WestEurope_000l;migrationStage=NotStarted}
{"logTime": "0322/083124", "correlationVector":"YCIv8debgwMA8lsZdEBzvY","action":"SyncServerConnectionManagerRequest", "result":"SYNC_SERVER_OK", "context":{"environment":"", "migrationStage":"", "server":""}}
{"logTime": "0322/083124", "correlationVector":"Bt1IqSGxhnzjXJEkTxe6Te","action":"Normal GetUpdate request", "result":"", "context":cV=Bt1IqSGxhnzjXJEkTxe6Te
Nudged types: Device Info}
{"logTime": "0322/083124", "correlationVector":"Bt1IqSGxhnzjXJEkTxe6Te.1","action":"SyncServerConnectionManagerRequest", "result":"SYNC_SERVER_OK", "context":{"environment":"Prod_WestEurope_000l", "migrationStage":"NotStarted", "server":"GENERAL0100000D"}}
{"logTime": "0322/083124", "correlationVector":"Bt1IqSGxhnzjXJEkTxe6Te.2","action":"GetUpdates Response", "result":"SYNCER_OK", "context":Received 1 update(s). cV=Bt1IqSGxhnzjXJEkTxe6Te.0;server=GENERAL0100000D;cloudType=Consumer;environment=Prod_WestEurope_000l;migrationStage=NotStarted}
{"logTime": "0322/083124", "correlationVector":"77JxMX4jsyYDcOt0rrkNmm","action":"Normal GetUpdate request", "result":"", "context":cV=77JxMX4jsyYDcOt0rrkNmm
Refresh requested types: Device Info, User Consents, Send Tab To Self, Encryption Keys}
{"logTime": "0322/083125", "correlationVector":"77JxMX4jsyYDcOt0rrkNmm.1","action":"SyncServerConnectionManagerRequest", "result":"SYNC_SERVER_OK", "context":{"environment":"Prod_WestEurope_000l", "migrationStage":"NotStarted", "server":"GENERAL0100000L"}}
{"logTime": "0322/083125", "correlationVector":"77JxMX4jsyYDcOt0rrkNmm.2","action":"GetUpdates Response", "result":"SYNCER_OK", "context":Received 0 update(s). cV=77JxMX4jsyYDcOt0rrkNmm.0;server=GENERAL0100000L;cloudType=Consumer;environment=Prod_WestEurope_000l;migrationStage=NotStarted}
{"logTime": "0322/083752", "correlationVector":"p5CojT2Vq24Bohiewprt6y","action":"Normal GetUpdate request", "result":"", "context":cV=p5CojT2Vq24Bohiewprt6y
Notified types: Device Info}
{"logTime": "0322/083804", "correlationVector":"p5CojT2Vq24Bohiewprt6y.1","action":"SyncServerConnectionManagerRequest", "result":"SYNC_SERVER_OK", "context":{"environment":"Prod_NorthEurope_000h", "migrationStage":"NotStarted", "server":"general01000021"}}
{"logTime": "0322/083804", "correlationVector":"p5CojT2Vq24Bohiewprt6y.2","action":"GetUpdates Response", "result":"SYNCER_OK", "context":Received 1 update(s). cV=p5CojT2Vq24Bohiewprt6y.0;server=general01000021;cloudType=Consumer;environment=Prod_NorthEurope_000h;migrationStage=NotStarted}
{"logTime": "0322/095120", "correlationVector":"4GRSTkHEHKiqp9W0Z/WItN.0","action":"FeedSettingFetch_homeCloud", "result":"0", "context":{}}
{"logTime": "0322/095120", "correlationVector":"5oHxYgR+L7FimJ+/6pR5pp.1","action":"SyncServerConnectionManagerRequest", "result":"SYNC_SERVER_OK", "context":{"environment":"Prod_NorthEurope_000h", "migrationStage":"NotStarted", "server":"GENERAL0100000I"}}
{"logTime": "0322/095120", "correlationVector":"5oHxYgR+L7FimJ+/6pR5pp","action":"Initial GetUpdates", "result":"", "context":Reason: NEW_CLIENT. cV=5oHxYgR+L7FimJ+/6pR5pp}
{"logTime": "0322/095120", "correlationVector":"5oHxYgR+L7FimJ+/6pR5pp.2","action":"GetUpdates Response", "result":"SYNCER_OK", "context":Received 1 update(s). cV=5oHxYgR+L7FimJ+/6pR5pp.0;server=GENERAL0100000I;cloudType=Consumer;environment=Prod_NorthEurope_000h;migrationStage=NotStarted}
{"logTime": "0322/095120", "correlationVector":"hT/ZqXBiYXSx2gWFe/2Mcz","action":"Normal GetUpdate request", "result":"", "context":cV=hT/ZqXBiYXSx2gWFe/2Mcz
Nudged types: User Consents
Refresh requested types: Device Info, User Consents, Send Tab To Self, Encryption Keys}
{"logTime": "0322/095120", "correlationVector":"hT/ZqXBiYXSx2gWFe/2Mcz.1","action":"SyncServerConnectionManagerRequest", "result":"SYNC_SERVER_OK", "context":{"environment":"Prod_WestEurope_x00e", "migrationStage":"NotStarted", "server":"general01000025"}}
{"logTime": "0322/095120", "correlationVector":"hT/ZqXBiYXSx2gWFe/2Mcz.2","action":"GetUpdates Response", "result":"SYNCER_OK", "context":Received 0 update(s). cV=hT/ZqXBiYXSx2gWFe/2Mcz.0;server=general01000025;cloudType=Consumer;environment=Prod_WestEurope_x00e;migrationStage=NotStarted}
{"logTime": "0322/095120", "correlationVector":"QApH+6XpQWTqpo1FE7pOty","action":"Commit Request", "result":"", "context":Item count: 1
Contributing types: User Consents}
{"logTime": "0322/095120", "correlationVector":"QApH+6XpQWTqpo1FE7pOty.1","action":"SyncServerConnectionManagerRequest", "result":"SYNC_SERVER_OK", "context":{"environment":"Prod_NorthEurope_x00f", "migrationStage":"NotStarted", "server":"GENERAL0100001R"}}
{"logTime": "0322/095120", "correlationVector":"QApH+6XpQWTqpo1FE7pOty.2","action":"Commit Response", "result":"SYNCER_OK", "context":Result: SYNCER_OK. cV=QApH+6XpQWTqpo1FE7pOty.0;server=GENERAL0100001R;cloudType=Consumer;environment=Prod_NorthEurope_x00f;migrationStage=NotStarted}
{"logTime": "0322/095121", "correlationVector":"lQRM9EH8B66GWMNtrF4Mlx","action":"SyncServerConnectionManagerRequest", "result":"SYNC_SERVER_OK", "context":{"environment":"", "migrationStage":"", "server":""}}
{"logTime": "0322/095121", "correlationVector":"JgM6St7iydIfUWkuu7XsIb","action":"Initial GetUpdates", "result":"", "context":Reason: RECONFIGURATION. cV=JgM6St7iydIfUWkuu7XsIb}
{"logTime": "0322/095121", "correlationVector":"JgM6St7iydIfUWkuu7XsIb.1","action":"SyncServerConnectionManagerRequest", "result":"SYNC_SERVER_OK", "context":{"environment":"Prod_WestEurope_x00e", "migrationStage":"NotStarted", "server":"general0100002A"}}
{"logTime": "0322/095121", "correlationVector":"JgM6St7iydIfUWkuu7XsIb.2","action":"GetUpdates Response", "result":"SYNCER_OK", "context":Received 15 update(s). cV=JgM6St7iydIfUWkuu7XsIb.0;server=general0100002A;cloudType=Consumer;environment=Prod_WestEurope_x00e;migrationStage=NotStarted}
{"logTime": "0322/095121", "correlationVector":"nUSuxpCN4dJll2B1cyslfy","action":"Initial GetUpdates", "result":"", "context":Reason: NEWLY_SUPPORTED_DATATYPE. cV=nUSuxpCN4dJll2B1cyslfy}
{"logTime": "0322/095122", "correlationVector":"nUSuxpCN4dJll2B1cyslfy.1","action":"SyncServerConnectionManagerRequest", "result":"SYNC_SERVER_OK", "context":{"environment":"Prod_NorthEurope_x00f", "migrationStage":"NotStarted", "server":"GENERAL0100001L"}}
{"logTime": "0322/095122", "correlationVector":"nUSuxpCN4dJll2B1cyslfy.2","action":"GetUpdates Response", "result":"SYNCER_OK", "context":Received 5 update(s). cV=nUSuxpCN4dJll2B1cyslfy.0;server=GENERAL0100001L;cloudType=Consumer;environment=Prod_NorthEurope_x00f;migrationStage=NotStarted}
{"logTime": "0322/095122", "correlationVector":"8WKMuLojjfHVCHpMWmzeMj","action":"Initial GetUpdates", "result":"", "context":Reason: NEWLY_SUPPORTED_DATATYPE. cV=8WKMuLojjfHVCHpMWmzeMj}
{"logTime": "0322/095122", "correlationVector":"8WKMuLojjfHVCHpMWmzeMj.1","action":"SyncServerConnectionManagerRequest", "result":"SYNC_SERVER_OK", "context":{"environment":"Prod_WestEurope_x00e", "migrationStage":"NotStarted", "server":"general0100000S"}}
{"logTime": "0322/095122", "correlationVector":"8WKMuLojjfHVCHpMWmzeMj.2","action":"GetUpdates Response", "result":"SYNCER_OK", "context":Received 4 update(s). cV=8WKMuLojjfHVCHpMWmzeMj.0;server=general0100000S;cloudType=Consumer;environment=Prod_WestEurope_x00e;migrationStage=NotStarted}
{"logTime": "0322/095122", "correlationVector":"dDO/oo1fio4opq0aljnIQW","action":"Normal GetUpdate request", "result":"", "context":cV=dDO/oo1fio4opq0aljnIQW
Nudged types: Preferences, Sessions, Device Info, User Consents
Refresh requested types: Bookmarks, Preferences, Passwords, Autofill Profiles, Autofill, Autofill Custom Data, Typed URLs, Extensions, Sessions, Extension settings, History Delete Directives, Device Info, User Consents, Send Tab To Self, Web Apps, Collection, Edge E Drop, Encryption Keys}
{"logTime": "0322/095123", "correlationVector":"dDO/oo1fio4opq0aljnIQW.1","action":"SyncServerConnectionManagerRequest", "result":"SYNC_SERVER_OK", "context":{"environment":"Prod_NorthEurope_x00f", "migrationStage":"NotStarted", "server":"GENERAL0100001L"}}
{"logTime": "0322/095123", "correlationVector":"dDO/oo1fio4opq0aljnIQW.2","action":"GetUpdates Response", "result":"SYNCER_OK", "context":Received 3 update(s). cV=dDO/oo1fio4opq0aljnIQW.0;server=GENERAL0100001L;cloudType=Consumer;environment=Prod_NorthEurope_x00f;migrationStage=NotStarted}
{"logTime": "0322/095123", "correlationVector":"JvwkRFC9rT6Oer1Af44j26","action":"Commit Request", "result":"", "context":Item count: 1
Contributing types: Device Info}
{"logTime": "0322/095123", "correlationVector":"JvwkRFC9rT6Oer1Af44j26.1","action":"SyncServerConnectionManagerRequest", "result":"SYNC_SERVER_OK", "context":{"environment":"Prod_WestEurope_x00e", "migrationStage":"NotStarted", "server":"general0100001D"}}
{"logTime": "0322/095123", "correlationVector":"JvwkRFC9rT6Oer1Af44j26.2","action":"Commit Response", "result":"SYNCER_OK", "context":Result: SYNCER_OK. cV=JvwkRFC9rT6Oer1Af44j26.0;server=general0100001D;cloudType=Consumer;environment=Prod_WestEurope_x00e;migrationStage=NotStarted}
{"logTime": "0322/095123", "correlationVector":"VlKKdfW6yw57487qbIFwVh","action":"Commit Request", "result":"", "context":Item count: 8
Contributing types: Preferences, Sessions, User Consents}
{"logTime": "0322/095124", "correlationVector":"VlKKdfW6yw57487qbIFwVh.1","action":"SyncServerConnectionManagerRequest", "result":"SYNC_SERVER_OK", "context":{"environment":"Prod_NorthEurope_000h", "migrationStage":"NotStarted", "server":"GENERAL0100002Q"}}
{"logTime": "0322/095124", "correlationVector":"VlKKdfW6yw57487qbIFwVh.2","action":"Commit Response", "result":"SYNCER_OK", "context":Result: SYNCER_OK. cV=VlKKdfW6yw57487qbIFwVh.0;server=GENERAL0100002Q;cloudType=Consumer;environment=Prod_NorthEurope_000h;migrationStage=NotStarted}
{"logTime": "0322/101241", "correlationVector":"ymOiolnXsrWosW+7dJ1Pa7","action":"Normal GetUpdate request", "result":"", "context":cV=ymOiolnXsrWosW+7dJ1Pa7
Notified types: Device Info}
{"logTime": "0322/101241", "correlationVector":"ymOiolnXsrWosW+7dJ1Pa7.1","action":"SyncServerConnectionManagerRequest", "result":"SYNC_SERVER_OK", "context":{"environment":"Prod_NorthEurope_000h", "migrationStage":"NotStarted", "server":"GENERAL01000003"}}
{"logTime": "0322/101242", "correlationVector":"ymOiolnXsrWosW+7dJ1Pa7.2","action":"GetUpdates Response", "result":"SYNCER_OK", "context":Received 9 update(s). cV=ymOiolnXsrWosW+7dJ1Pa7.0;server=GENERAL01000003;cloudType=Consumer;environment=Prod_NorthEurope_000h;migrationStage=NotStarted}
{"logTime": "0322/101246", "correlationVector":"dE3x+G24o6HlJ6WbxXY/aI","action":"Normal GetUpdate request", "result":"", "context":cV=dE3x+G24o6HlJ6WbxXY/aI
Notified types: Device Info}
{"logTime": "0322/101247", "correlationVector":"dE3x+G24o6HlJ6WbxXY/aI.1","action":"SyncServerConnectionManagerRequest", "result":"SYNC_SERVER_OK", "context":{"environment":"Prod_NorthEurope_000h", "migrationStage":"NotStarted", "server":"GENERAL0100000G"}}
{"logTime": "0322/101247", "correlationVector":"dE3x+G24o6HlJ6WbxXY/aI.2","action":"GetUpdates Response", "result":"SYNCER_OK", "context":Received 3 update(s). cV=dE3x+G24o6HlJ6WbxXY/aI.0;server=GENERAL0100000G;cloudType=Consumer;environment=Prod_NorthEurope_000h;migrationStage=NotStarted}
{"logTime": "0322/101650", "correlationVector":"jtO1/ETJpeq+BE/5jB8GEL","action":"Normal GetUpdate request", "result":"", "context":cV=jtO1/ETJpeq+BE/5jB8GEL
Notified types: Autofill}
{"logTime": "0322/101651", "correlationVector":"jtO1/ETJpeq+BE/5jB8GEL.1","action":"SyncServerConnectionManagerRequest", "result":"SYNC_SERVER_OK", "context":{"environment":"Prod_NorthEurope_000h", "migrationStage":"NotStarted", "server":"GENERAL0100000D"}}
{"logTime": "0322/101651", "correlationVector":"jtO1/ETJpeq+BE/5jB8GEL.2","action":"GetUpdates Response", "result":"SYNCER_OK", "context":Received 2 update(s). cV=jtO1/ETJpeq+BE/5jB8GEL.0;server=GENERAL0100000D;cloudType=Consumer;environment=Prod_NorthEurope_000h;migrationStage=NotStarted}
{"logTime": "0322/101741", "correlationVector":"RL0rkpD+har+kfKbTqdqUX","action":"Commit Request", "result":"", "context":Item count: 1
Contributing types: Sessions}
{"logTime": "0322/101741", "correlationVector":"RL0rkpD+har+kfKbTqdqUX.1","action":"SyncServerConnectionManagerRequest", "result":"SYNC_SERVER_OK", "context":{"environment":"Prod_NorthEurope_000h", "migrationStage":"NotStarted", "server":"general0100001C"}}
{"logTime": "0322/101741", "correlationVector":"RL0rkpD+har+kfKbTqdqUX.2","action":"Commit Response", "result":"SYNCER_OK", "context":Result: SYNCER_OK. cV=RL0rkpD+har+kfKbTqdqUX.0;server=general0100001C;cloudType=Consumer;environment=Prod_NorthEurope_000h;migrationStage=NotStarted}
{"logTime": "0322/163120", "correlationVector":"n6Ifi1CErk74IKF+qOQuCs","action":"Poll GetUpdate request", "result":"", "context":cV=n6Ifi1CErk74IKF+qOQuCs}
{"logTime": "0322/163129", "correlationVector":"n6Ifi1CErk74IKF+qOQuCs.1","action":"SyncServerConnectionManagerRequest", "result":"SYNC_SERVER_OK", "context":{"environment":"Prod_NorthEurope_000h", "migrationStage":"NotStarted", "server":"GENERAL0100000S"}}
{"logTime": "0322/163129", "correlationVector":"n6Ifi1CErk74IKF+qOQuCs.2","action":"GetUpdates Response", "result":"SYNCER_OK", "context":Received 1 update(s). cV=n6Ifi1CErk74IKF+qOQuCs.0;server=GENERAL0100000S;cloudType=Consumer;environment=Prod_NorthEurope_000h;migrationStage=NotStarted}
{"logTime": "0429/111455", "correlationVector":"aNwfUsEKnKvQVbRzVZVzcv.0","action":"FeedSettingFetch_homeCloud", "result":"0", "context":{}}
{"logTime": "0429/111455", "correlationVector":"BcX8K1NyboR6+666bfexE5.1","action":"SyncServerConnectionManagerRequest", "result":"SYNC_SERVER_OK", "context":{"environment":"Prod_WestEurope_000l", "migrationStage":"NotStarted", "server":"GENERAL01000008"}}
{"logTime": "0429/111455", "correlationVector":"BcX8K1NyboR6+666bfexE5","action":"Initial GetUpdates", "result":"", "context":Reason: NEW_CLIENT. cV=BcX8K1NyboR6+666bfexE5}
{"logTime": "0429/111455", "correlationVector":"BcX8K1NyboR6+666bfexE5.2","action":"GetUpdates Response", "result":"SYNCER_OK", "context":Received 1 update(s). cV=BcX8K1NyboR6+666bfexE5.0;server=GENERAL01000008;cloudType=Consumer;environment=Prod_WestEurope_000l;migrationStage=NotStarted}
{"logTime": "0429/111455", "correlationVector":"39xbSNzJa+hkSdFSb6z7rF","action":"Normal GetUpdate request", "result":"", "context":cV=39xbSNzJa+hkSdFSb6z7rF
Nudged types: Sessions, Device Info, User Consents
Refresh requested types: Bookmarks, Preferences, Autofill Custom Data, Typed URLs, Extensions, Sessions, Extension settings, History Delete Directives, Device Info, User Consents, Send Tab To Self, Web Apps, Collection, Edge E Drop, Encryption Keys}
{"logTime": "0429/111455", "correlationVector":"39xbSNzJa+hkSdFSb6z7rF.1","action":"SyncServerConnectionManagerRequest", "result":"SYNC_SERVER_OK", "context":{"environment":"Prod_WestEurope_000l", "migrationStage":"NotStarted", "server":"GENERAL01000004"}}
{"logTime": "0429/111455", "correlationVector":"39xbSNzJa+hkSdFSb6z7rF.2","action":"GetUpdates", "result":"DeleteReceived", "context":{"id":"7eaedf14-e397-48b6-9c5b-73a2d31b7a93", "isDeleted:":"true", "version":"1680770340629"}}
{"logTime": "0429/111455", "correlationVector":"39xbSNzJa+hkSdFSb6z7rF.3","action":"GetUpdates", "result":"DeleteReceived", "context":{"id":"1e47601d-16e7-4d13-a332-47e85d891a74", "isDeleted:":"true", "version":"1680770340630"}}
{"logTime": "0429/111455", "correlationVector":"39xbSNzJa+hkSdFSb6z7rF.4","action":"GetUpdates", "result":"DeleteReceived", "context":{"id":"523d71b9-8927-4025-90a1-f917c6e76f86", "isDeleted:":"true", "version":"1680770340631"}}
{"logTime": "0429/111455", "correlationVector":"39xbSNzJa+hkSdFSb6z7rF.5","action":"GetUpdates", "result":"DeleteReceived", "context":{"id":"64ce8ca3-51cc-4a7b-802a-46cf0a007786", "isDeleted:":"true", "version":"1680770340632"}}
{"logTime": "0429/111455", "correlationVector":"39xbSNzJa+hkSdFSb6z7rF.6","action":"GetUpdates", "result":"DeleteReceived", "context":{"id":"3bb7e0ca-2f09-47ec-81b7-b4f529e20c23", "isDeleted:":"true", "version":"1682440418617"}}
{"logTime": "0429/111455", "correlationVector":"39xbSNzJa+hkSdFSb6z7rF.7","action":"GetUpdates", "result":"DeleteReceived", "context":{"id":"067ffcb2-6594-4b27-ad76-e067813a21bd", "isDeleted:":"true", "version":"1682440418619"}}
{"logTime": "0429/111455", "correlationVector":"39xbSNzJa+hkSdFSb6z7rF.8","action":"GetUpdates", "result":"DeleteReceived", "context":{"id":"70cef49c-f053-476b-b9dc-4d94fa4ba10d", "isDeleted:":"true", "version":"1682440418623"}}
{"logTime": "0429/111455", "correlationVector":"39xbSNzJa+hkSdFSb6z7rF.9","action":"GetUpdates", "result":"DeleteReceived", "context":{"id":"4fea16a4-74bb-481e-bc1c-3d22149ae54c", "isDeleted:":"true", "version":"1682440418625"}}
{"logTime": "0429/111455", "correlationVector":"39xbSNzJa+hkSdFSb6z7rF.10","action":"GetUpdates", "result":"DeleteReceived", "context":{"id":"d0becd0c-2166-4ccb-bf01-966f4ba80b77", "isDeleted:":"true", "version":"1682440418628"}}
{"logTime": "0429/111455", "correlationVector":"39xbSNzJa+hkSdFSb6z7rF.11","action":"GetUpdates", "result":"DeleteReceived", "context":{"id":"db7e2cd8-b275-4fe1-95d7-e76aa3f07071", "isDeleted:":"true", "version":"1682440418629"}}
{"logTime": "0429/111455", "correlationVector":"39xbSNzJa+hkSdFSb6z7rF.12","action":"GetUpdates", "result":"DeleteReceived", "context":{"id":"13241132-26ca-4138-a952-b5196c5c3650", "isDeleted:":"true", "version":"1682440418632"}}
{"logTime": "0429/111455", "correlationVector":"39xbSNzJa+hkSdFSb6z7rF.13","action":"GetUpdates", "result":"DeleteReceived", "context":{"id":"0dba891b-7ac7-4a42-975d-542f778056be", "isDeleted:":"true", "version":"1682440419645"}}
{"logTime": "0429/111455", "correlationVector":"39xbSNzJa+hkSdFSb6z7rF.14","action":"GetUpdates", "result":"DeleteReceived", "context":{"id":"7e0e63f8-2e94-44aa-9368-48dc92522444", "isDeleted:":"true", "version":"1682440419646"}}
{"logTime": "0429/111455", "correlationVector":"39xbSNzJa+hkSdFSb6z7rF.15","action":"GetUpdates", "result":"DeleteReceived", "context":{"id":"70761688-20b5-4c9f-a1ab-9c2ddd5640bf", "isDeleted:":"true", "version":"1682440419648"}}
{"logTime": "0429/111455", "correlationVector":"39xbSNzJa+hkSdFSb6z7rF.16","action":"GetUpdates", "result":"DeleteReceived", "context":{"id":"6a650de9-1aa6-4d5d-a40b-cf643ab4a4e9", "isDeleted:":"true", "version":"1682440419650"}}
{"logTime": "0429/111455", "correlationVector":"39xbSNzJa+hkSdFSb6z7rF.17","action":"GetUpdates", "result":"DeleteReceived", "context":{"id":"e427b7f5-793e-49bc-81b1-de060ff47762", "isDeleted:":"true", "version":"1682440419652"}}
{"logTime": "0429/111455", "correlationVector":"39xbSNzJa+hkSdFSb6z7rF.18","action":"GetUpdates", "result":"DeleteReceived", "context":{"id":"db1efbae-95a8-4ac3-8ead-52ee92e87415", "isDeleted:":"true", "version":"1682440419653"}}
{"logTime": "0429/111455", "correlationVector":"39xbSNzJa+hkSdFSb6z7rF.19","action":"GetUpdates", "result":"DeleteReceived", "context":{"id":"58667888-be6c-416c-9d6b-3b92e7f59d2e", "isDeleted:":"true", "version":"1682440419654"}}
{"logTime": "0429/111455", "correlationVector":"39xbSNzJa+hkSdFSb6z7rF.20","action":"GetUpdates", "result":"DeleteReceived", "context":{"id":"c7742917-bf22-44e3-b6ed-0cfacd05a517", "isDeleted:":"true", "version":"1682440419656"}}
{"logTime": "0429/111455", "correlationVector":"39xbSNzJa+hkSdFSb6z7rF.21","action":"GetUpdates", "result":"DeleteReceived", "context":{"id":"31d01d83-5192-41d4-9c4f-6596bafaed10", "isDeleted:":"true", "version":"1682440419658"}}
{"logTime": "0429/111455", "correlationVector":"39xbSNzJa+hkSdFSb6z7rF.22","action":"GetUpdates Response", "result":"SYNCER_OK", "context":Received 72 update(s). cV=39xbSNzJa+hkSdFSb6z7rF.0;server=GENERAL01000004;cloudType=Consumer;environment=Prod_WestEurope_000l;migrationStage=NotStarted}
{"logTime": "0429/111455", "correlationVector":"cxJTKo5zCiLvvS2SlNWvU5","action":"Commit Request", "result":"", "context":Item count: 1
Contributing types: User Consents}
{"logTime": "0429/111455", "correlationVector":"cxJTKo5zCiLvvS2SlNWvU5.1","action":"SyncServerConnectionManagerRequest", "result":"SYNC_SERVER_OK", "context":{"environment":"Prod_WestEurope_000l", "migrationStage":"NotStarted", "server":"GENERAL01000020"}}
{"logTime": "0429/111455", "correlationVector":"cxJTKo5zCiLvvS2SlNWvU5.2","action":"Commit Response", "result":"SYNCER_OK", "context":Result: SYNCER_OK. cV=cxJTKo5zCiLvvS2SlNWvU5.0;server=GENERAL01000020;cloudType=Consumer;environment=Prod_WestEurope_000l;migrationStage=NotStarted}
{"logTime": "0429/111518", "correlationVector":"m8StplQIhgNJ0JoPfXGBgs","action":"SyncServerConnectionManagerRequest", "result":"SYNC_SERVER_OK", "context":{"environment":"", "migrationStage":"", "server":""}}
{"logTime": "0429/111518", "correlationVector":"rxwzC7Fqgtqx3acZqlEOKI","action":"Normal GetUpdate request", "result":"", "context":cV=rxwzC7Fqgtqx3acZqlEOKI
Nudged types: Sessions}
{"logTime": "0429/111519", "correlationVector":"rxwzC7Fqgtqx3acZqlEOKI.1","action":"SyncServerConnectionManagerRequest", "result":"SYNC_SERVER_OK", "context":{"environment":"Prod_WestEurope_x00e", "migrationStage":"NotStarted", "server":"GENERAL0100000A"}}
{"logTime": "0429/111519", "correlationVector":"rxwzC7Fqgtqx3acZqlEOKI.2","action":"GetUpdates Response", "result":"SYNCER_OK", "context":Received 0 update(s). cV=rxwzC7Fqgtqx3acZqlEOKI.0;server=GENERAL0100000A;cloudType=Consumer;environment=Prod_WestEurope_x00e;migrationStage=NotStarted}
{"logTime": "0429/111519", "correlationVector":"V0znP+bQ0Jamn5kzkCQm+o","action":"Commit Request", "result":"", "context":Item count: 2
Contributing types: Sessions}
{"logTime": "0429/111519", "correlationVector":"V0znP+bQ0Jamn5kzkCQm+o.1","action":"SyncServerConnectionManagerRequest", "result":"SYNC_SERVER_OK", "context":{"environment":"Prod_WestEurope_000l", "migrationStage":"NotStarted", "server":"GENERAL01000020"}}
{"logTime": "0429/111519", "correlationVector":"V0znP+bQ0Jamn5kzkCQm+o.2","action":"Commit Response", "result":"SYNCER_OK", "context":Result: SYNCER_OK. cV=V0znP+bQ0Jamn5kzkCQm+o.0;server=GENERAL01000020;cloudType=Consumer;environment=Prod_WestEurope_000l;migrationStage=NotStarted}
{"logTime": "0429/111519", "correlationVector":"eYt5KQrXVZH34u+6/on2Y/","action":"Normal GetUpdate request", "result":"", "context":cV=eYt5KQrXVZH34u+6/on2Y/
Nudged types: Autofill Profiles, Sessions
Refresh requested types: Bookmarks, Preferences, Passwords, Autofill Profiles, Autofill, Autofill Custom Data, Typed URLs, Extensions, Sessions, Extension settings, History Delete Directives, Device Info, User Consents, Send Tab To Self, Web Apps, Collection, Edge E Drop, Encryption Keys}
{"logTime": "0429/111520", "correlationVector":"eYt5KQrXVZH34u+6/on2Y/.1","action":"SyncServerConnectionManagerRequest", "result":"SYNC_SERVER_OK", "context":{"environment":"Prod_WestEurope_000l", "migrationStage":"NotStarted", "server":"GENERAL0100000J"}}
{"logTime": "0429/111520", "correlationVector":"eYt5KQrXVZH34u+6/on2Y/.2","action":"GetUpdates Response", "result":"SYNCER_OK", "context":Received 9 update(s). cV=eYt5KQrXVZH34u+6/on2Y/.0;server=GENERAL0100000J;cloudType=Consumer;environment=Prod_WestEurope_000l;migrationStage=NotStarted}
{"logTime": "0429/111542", "correlationVector":"nw+bAvJ+YIOMPiPlFmJZAN","action":"Poll GetUpdate request", "result":"", "context":cV=nw+bAvJ+YIOMPiPlFmJZAN}
{"logTime": "0429/111542", "correlationVector":"nw+bAvJ+YIOMPiPlFmJZAN.1","action":"SyncServerConnectionManagerRequest", "result":"SYNC_SERVER_OK", "context":{"environment":"Prod_WestEurope_000l", "migrationStage":"NotStarted", "server":"GENERAL0100000C"}}
{"logTime": "0429/111542", "correlationVector":"nw+bAvJ+YIOMPiPlFmJZAN.2","action":"GetUpdates Response", "result":"SYNCER_OK", "context":Received 0 update(s). cV=nw+bAvJ+YIOMPiPlFmJZAN.0;server=GENERAL0100000C;cloudType=Consumer;environment=Prod_WestEurope_000l;migrationStage=NotStarted}
